2025-02-22 14:42:32,106 - INFO - Running in development mode
2025-02-22 14:42:32,107 - INFO - Using BASE_URL: http://localhost:5000
2025-02-22 14:42:41,014 - INFO - Making request to: http://localhost:5000/get/student/444047381
2025-02-22 14:42:41,014 - DEBUG - Request started: http://localhost:5000/get/student/444047381
2025-02-22 14:42:43,064 - INFO - Making request to: http://localhost:5000/get/student/444047381
2025-02-22 14:42:43,065 - DEBUG - Request started: http://localhost:5000/get/student/444047381
2025-02-22 14:42:45,103 - INFO - Making request to: http://localhost:5000/get/student/444047381
2025-02-22 14:42:45,104 - DEBUG - Request started: http://localhost:5000/get/student/444047381
2025-02-22 14:42:47,175 - INFO - Making request to: http://localhost:5000/get/student/444047381
2025-02-22 14:42:47,176 - DEBUG - Request started: http://localhost:5000/get/student/444047381
2025-02-22 14:42:49,233 - INFO - Making request to: http://localhost:5000/get/student/444047381
2025-02-22 14:42:49,234 - DEBUG - Request started: http://localhost:5000/get/student/444047381
2025-02-22 14:42:51,308 - INFO - Making request to: http://localhost:5000/get/student/444047381
2025-02-22 14:42:51,309 - DEBUG - Request started: http://localhost:5000/get/student/444047381
2025-02-22 14:42:53,377 - INFO - Making request to: http://localhost:5000/get/student/444047381
2025-02-22 14:42:53,378 - DEBUG - Request started: http://localhost:5000/get/student/444047381
2025-02-22 14:42:55,448 - INFO - Making request to: http://localhost:5000/get/student/444047381
2025-02-22 14:42:55,449 - DEBUG - Request started: http://localhost:5000/get/student/444047381
2025-02-22 14:42:55,927 - INFO - Making request to: http://localhost:5000/get/444047381
2025-02-22 14:42:55,928 - DEBUG - Request started: http://localhost:5000/get/444047381
2025-02-22 14:42:57,516 - INFO - Making request to: http://localhost:5000/get/student/444047381
2025-02-22 14:42:57,516 - DEBUG - Request started: http://localhost:5000/get/student/444047381
2025-02-22 14:42:57,984 - INFO - Making request to: http://localhost:5000/get/444047381
2025-02-22 14:42:57,985 - DEBUG - Request started: http://localhost:5000/get/444047381
2025-02-22 14:42:59,585 - INFO - Making request to: http://localhost:5000/get/student/444047381
2025-02-22 14:42:59,586 - DEBUG - Request started: http://localhost:5000/get/student/444047381
2025-02-22 14:43:00,011 - INFO - Making request to: http://localhost:5000/get/444047381
2025-02-22 14:43:00,011 - DEBUG - Request started: http://localhost:5000/get/444047381
